2025-10-05 10:18:50.169 [main] INFO  com.it.MyServerApplication - Starting MyServerApplication using Java 21.0.2 with PID 48464 (D:\ideaproject\AIServer\aiServer\MyServer\target\classes started by hp in D:\ideaproject\AIServer)
2025-10-05 10:18:50.170 [main] INFO  com.it.MyServerApplication - The following 1 profile is active: "dev"
2025-10-05 10:18:51.209 [main] INFO  o.s.boot.web.embedded.tomcat.TomcatWebServer - Tomcat initialized with port 8080 (http)
2025-10-05 10:18:51.223 [main] INFO  org.apache.coyote.http11.Http11NioProtocol - Initializing ProtocolHandler ["http-nio-8080"]
2025-10-05 10:18:51.224 [main] INFO  org.apache.catalina.core.StandardService - Starting service [Tomcat]
2025-10-05 10:18:51.225 [main] INFO  org.apache.catalina.core.StandardEngine - Starting Servlet engine: [Apache Tomcat/10.1.44]
2025-10-05 10:18:51.272 [main] INFO  o.a.c.core.ContainerBase.[Tomcat].[localhost].[/] - Initializing Spring embedded WebApplicationContext
2025-10-05 10:18:51.273 [main] INFO  o.s.b.w.s.c.ServletWebServerApplicationContext - Root WebApplicationContext: initialization completed in 1063 ms
2025-10-05 10:18:51.951 [main] INFO  org.apache.coyote.http11.Http11NioProtocol - Starting ProtocolHandler ["http-nio-8080"]
2025-10-05 10:18:51.969 [main] INFO  o.s.boot.web.embedded.tomcat.TomcatWebServer - Tomcat started on port 8080 (http) with context path '/'
2025-10-05 10:18:51.973 [main] INFO  com.it.MyServerApplication - Started MyServerApplication in 2.206 seconds (process running for 3.058)
2025-10-05 10:20:22.087 [http-nio-8080-exec-1] INFO  o.a.c.core.ContainerBase.[Tomcat].[localhost].[/] - Initializing Spring DispatcherServlet 'dispatcherServlet'
2025-10-05 10:20:22.087 [http-nio-8080-exec-1] INFO  org.springframework.web.servlet.DispatcherServlet - Initializing Servlet 'dispatcherServlet'
2025-10-05 10:20:22.089 [http-nio-8080-exec-1] INFO  org.springframework.web.servlet.DispatcherServlet - Completed initialization in 2 ms
2025-10-05 10:20:22.112 [http-nio-8080-exec-1] INFO  com.it.interceptor.Tokeninterceptor - 登陆或者注册或者上传图片，准许放行
2025-10-05 10:20:22.243 [http-nio-8080-exec-1] INFO  com.zaxxer.hikari.HikariDataSource - HikariPool-1 - Starting...
2025-10-05 10:20:22.882 [http-nio-8080-exec-1] INFO  com.zaxxer.hikari.pool.HikariPool - HikariPool-1 - Added connection com.mysql.cj.jdbc.ConnectionImpl@1cee7ba8
2025-10-05 10:20:22.886 [http-nio-8080-exec-1] INFO  com.zaxxer.hikari.HikariDataSource - HikariPool-1 - Start completed.
2025-10-05 10:22:21.060 [SpringApplicationShutdownHook] INFO  o.s.boot.web.embedded.tomcat.GracefulShutdown - Commencing graceful shutdown. Waiting for active requests to complete
2025-10-05 10:22:21.065 [tomcat-shutdown] INFO  o.s.boot.web.embedded.tomcat.GracefulShutdown - Graceful shutdown complete
2025-10-05 10:22:21.068 [SpringApplicationShutdownHook] INFO  com.zaxxer.hikari.HikariDataSource - HikariPool-1 - Shutdown initiated...
2025-10-05 10:22:21.074 [SpringApplicationShutdownHook] INFO  com.zaxxer.hikari.HikariDataSource - HikariPool-1 - Shutdown completed.
2025-10-05 10:23:36.273 [main] INFO  com.it.MyServerApplication - Starting MyServerApplication using Java 21.0.2 with PID 43984 (D:\ideaproject\AIServer\aiServer\MyServer\target\classes started by hp in D:\ideaproject\AIServer)
2025-10-05 10:23:36.274 [main] INFO  com.it.MyServerApplication - The following 1 profile is active: "dev"
2025-10-05 10:23:37.003 [main] INFO  o.s.boot.web.embedded.tomcat.TomcatWebServer - Tomcat initialized with port 8080 (http)
2025-10-05 10:23:37.013 [main] INFO  org.apache.coyote.http11.Http11NioProtocol - Initializing ProtocolHandler ["http-nio-8080"]
2025-10-05 10:23:37.015 [main] INFO  org.apache.catalina.core.StandardService - Starting service [Tomcat]
2025-10-05 10:23:37.015 [main] INFO  org.apache.catalina.core.StandardEngine - Starting Servlet engine: [Apache Tomcat/10.1.44]
2025-10-05 10:23:37.056 [main] INFO  o.a.c.core.ContainerBase.[Tomcat].[localhost].[/] - Initializing Spring embedded WebApplicationContext
2025-10-05 10:23:37.056 [main] INFO  o.s.b.w.s.c.ServletWebServerApplicationContext - Root WebApplicationContext: initialization completed in 754 ms
2025-10-05 10:23:37.593 [main] INFO  org.apache.coyote.http11.Http11NioProtocol - Starting ProtocolHandler ["http-nio-8080"]
2025-10-05 10:23:37.605 [main] INFO  o.s.boot.web.embedded.tomcat.TomcatWebServer - Tomcat started on port 8080 (http) with context path '/'
2025-10-05 10:23:37.611 [main] INFO  com.it.MyServerApplication - Started MyServerApplication in 1.625 seconds (process running for 2.333)
2025-10-05 10:23:47.151 [http-nio-8080-exec-3] INFO  o.a.c.core.ContainerBase.[Tomcat].[localhost].[/] - Initializing Spring DispatcherServlet 'dispatcherServlet'
2025-10-05 10:23:47.151 [http-nio-8080-exec-3] INFO  org.springframework.web.servlet.DispatcherServlet - Initializing Servlet 'dispatcherServlet'
2025-10-05 10:23:47.152 [http-nio-8080-exec-3] INFO  org.springframework.web.servlet.DispatcherServlet - Completed initialization in 1 ms
2025-10-05 10:23:47.161 [http-nio-8080-exec-3] INFO  com.it.interceptor.Tokeninterceptor - 登陆或者注册或者上传图片，准许放行
2025-10-05 10:23:47.235 [http-nio-8080-exec-3] INFO  com.zaxxer.hikari.HikariDataSource - HikariPool-1 - Starting...
2025-10-05 10:23:47.487 [http-nio-8080-exec-3] INFO  com.zaxxer.hikari.pool.HikariPool - HikariPool-1 - Added connection com.mysql.cj.jdbc.ConnectionImpl@1de15c16
2025-10-05 10:23:47.489 [http-nio-8080-exec-3] INFO  com.zaxxer.hikari.HikariDataSource - HikariPool-1 - Start completed.
2025-10-05 10:26:07.322 [http-nio-8080-exec-10] INFO  com.it.controller.QuesController - 用户在询问信息我四肢抽搐，是什么病？
2025-10-05 10:34:06.293 [http-nio-8080-exec-8] INFO  com.it.controller.QuesController - 用户在询问信息我还头痛欲裂，口吐白沫，这是什么病？
2025-10-05 10:46:51.688 [http-nio-8080-exec-7] INFO  com.it.interceptor.Tokeninterceptor - 登陆或者注册或者上传图片，准许放行
2025-10-05 10:46:51.706 [http-nio-8080-exec-7] INFO  com.it.controller.LoginController - 注册用户:User(id=null, name=Casria, password=123456, image=, createTime=2025-10-05 10:46:51, updateTime=2025-10-05 10:46:51)
2025-10-05 10:54:20.052 [SpringApplicationShutdownHook] INFO  o.s.boot.web.embedded.tomcat.GracefulShutdown - Commencing graceful shutdown. Waiting for active requests to complete
2025-10-05 10:54:20.059 [tomcat-shutdown] INFO  o.s.boot.web.embedded.tomcat.GracefulShutdown - Graceful shutdown complete
2025-10-05 10:54:20.064 [SpringApplicationShutdownHook] INFO  com.zaxxer.hikari.HikariDataSource - HikariPool-1 - Shutdown initiated...
2025-10-05 10:54:20.069 [SpringApplicationShutdownHook] INFO  com.zaxxer.hikari.HikariDataSource - HikariPool-1 - Shutdown completed.
2025-10-05 10:54:26.035 [main] INFO  com.it.MyServerApplication - Starting MyServerApplication using Java 21.0.2 with PID 1636 (D:\ideaproject\AIServer\aiServer\MyServer\target\classes started by hp in D:\ideaproject\AIServer)
2025-10-05 10:54:26.036 [main] INFO  com.it.MyServerApplication - The following 1 profile is active: "dev"
2025-10-05 10:54:26.842 [main] INFO  o.s.boot.web.embedded.tomcat.TomcatWebServer - Tomcat initialized with port 8080 (http)
2025-10-05 10:54:26.854 [main] INFO  org.apache.coyote.http11.Http11NioProtocol - Initializing ProtocolHandler ["http-nio-8080"]
2025-10-05 10:54:26.855 [main] INFO  org.apache.catalina.core.StandardService - Starting service [Tomcat]
2025-10-05 10:54:26.856 [main] INFO  org.apache.catalina.core.StandardEngine - Starting Servlet engine: [Apache Tomcat/10.1.44]
2025-10-05 10:54:26.899 [main] INFO  o.a.c.core.ContainerBase.[Tomcat].[localhost].[/] - Initializing Spring embedded WebApplicationContext
2025-10-05 10:54:26.899 [main] INFO  o.s.b.w.s.c.ServletWebServerApplicationContext - Root WebApplicationContext: initialization completed in 827 ms
2025-10-05 10:54:27.472 [main] INFO  org.apache.coyote.http11.Http11NioProtocol - Starting ProtocolHandler ["http-nio-8080"]
2025-10-05 10:54:27.489 [main] INFO  o.s.boot.web.embedded.tomcat.TomcatWebServer - Tomcat started on port 8080 (http) with context path '/'
2025-10-05 10:54:27.495 [main] INFO  com.it.MyServerApplication - Started MyServerApplication in 1.771 seconds (process running for 2.436)
2025-10-05 10:54:42.262 [http-nio-8080-exec-3] INFO  o.a.c.core.ContainerBase.[Tomcat].[localhost].[/] - Initializing Spring DispatcherServlet 'dispatcherServlet'
2025-10-05 10:54:42.262 [http-nio-8080-exec-3] INFO  org.springframework.web.servlet.DispatcherServlet - Initializing Servlet 'dispatcherServlet'
2025-10-05 10:54:42.263 [http-nio-8080-exec-3] INFO  org.springframework.web.servlet.DispatcherServlet - Completed initialization in 1 ms
2025-10-05 10:54:42.282 [http-nio-8080-exec-3] INFO  com.it.interceptor.Tokeninterceptor - 登陆或者注册或者上传图片，准许放行
2025-10-05 10:54:42.379 [http-nio-8080-exec-3] INFO  com.zaxxer.hikari.HikariDataSource - HikariPool-1 - Starting...
2025-10-05 10:54:42.836 [http-nio-8080-exec-3] INFO  com.zaxxer.hikari.pool.HikariPool - HikariPool-1 - Added connection com.mysql.cj.jdbc.ConnectionImpl@6f5c51e
2025-10-05 10:54:42.836 [http-nio-8080-exec-3] INFO  com.zaxxer.hikari.HikariDataSource - HikariPool-1 - Start completed.
2025-10-05 10:54:42.891 [http-nio-8080-exec-3] INFO  com.it.controller.LoginController - 注册用户:User(id=null, name=Casria007, password=123456, image=, createTime=2025-10-05 10:54:42, updateTime=2025-10-05 10:54:42)
2025-10-05 10:55:34.882 [http-nio-8080-exec-2] INFO  com.it.controller.LoginController - 用户注销，token已加入黑名单
2025-10-05 10:56:17.714 [http-nio-8080-exec-5] INFO  com.it.interceptor.Tokeninterceptor - 登陆或者注册或者上传图片，准许放行
2025-10-05 10:59:03.137 [http-nio-8080-exec-9] WARN  o.s.w.s.m.support.DefaultHandlerExceptionResolver - Resolved [org.springframework.web.HttpRequestMethodNotSupportedException: Request method 'POST' is not supported]
2025-10-05 11:00:48.166 [SpringApplicationShutdownHook] INFO  o.s.boot.web.embedded.tomcat.GracefulShutdown - Commencing graceful shutdown. Waiting for active requests to complete
2025-10-05 11:00:48.171 [tomcat-shutdown] INFO  o.s.boot.web.embedded.tomcat.GracefulShutdown - Graceful shutdown complete
2025-10-05 11:00:48.175 [SpringApplicationShutdownHook] INFO  com.zaxxer.hikari.HikariDataSource - HikariPool-1 - Shutdown initiated...
2025-10-05 11:00:48.188 [SpringApplicationShutdownHook] INFO  com.zaxxer.hikari.HikariDataSource - HikariPool-1 - Shutdown completed.
2025-10-05 11:04:05.417 [main] INFO  com.it.MyServerApplication - Starting MyServerApplication using Java 21.0.2 with PID 49700 (D:\ideaproject\AIServer\aiServer\MyServer\target\classes started by hp in D:\ideaproject\AIServer)
2025-10-05 11:04:05.418 [main] INFO  com.it.MyServerApplication - The following 1 profile is active: "dev"
2025-10-05 11:04:06.312 [main] INFO  o.s.boot.web.embedded.tomcat.TomcatWebServer - Tomcat initialized with port 8080 (http)
2025-10-05 11:04:06.323 [main] INFO  org.apache.coyote.http11.Http11NioProtocol - Initializing ProtocolHandler ["http-nio-8080"]
2025-10-05 11:04:06.325 [main] INFO  org.apache.catalina.core.StandardService - Starting service [Tomcat]
2025-10-05 11:04:06.325 [main] INFO  org.apache.catalina.core.StandardEngine - Starting Servlet engine: [Apache Tomcat/10.1.44]
2025-10-05 11:04:06.366 [main] INFO  o.a.c.core.ContainerBase.[Tomcat].[localhost].[/] - Initializing Spring embedded WebApplicationContext
2025-10-05 11:04:06.367 [main] INFO  o.s.b.w.s.c.ServletWebServerApplicationContext - Root WebApplicationContext: initialization completed in 912 ms
2025-10-05 11:04:07.058 [main] INFO  org.apache.coyote.http11.Http11NioProtocol - Starting ProtocolHandler ["http-nio-8080"]
2025-10-05 11:04:07.074 [main] INFO  o.s.boot.web.embedded.tomcat.TomcatWebServer - Tomcat started on port 8080 (http) with context path '/'
2025-10-05 11:04:07.080 [main] INFO  com.it.MyServerApplication - Started MyServerApplication in 2.036 seconds (process running for 2.795)
2025-10-05 11:04:14.902 [http-nio-8080-exec-1] INFO  o.a.c.core.ContainerBase.[Tomcat].[localhost].[/] - Initializing Spring DispatcherServlet 'dispatcherServlet'
2025-10-05 11:04:14.903 [http-nio-8080-exec-1] INFO  org.springframework.web.servlet.DispatcherServlet - Initializing Servlet 'dispatcherServlet'
2025-10-05 11:04:14.903 [http-nio-8080-exec-1] INFO  org.springframework.web.servlet.DispatcherServlet - Completed initialization in 0 ms
2025-10-05 11:04:14.918 [http-nio-8080-exec-1] WARN  o.s.w.s.m.support.DefaultHandlerExceptionResolver - Resolved [org.springframework.web.HttpRequestMethodNotSupportedException: Request method 'POST' is not supported]
2025-10-05 11:04:50.769 [SpringApplicationShutdownHook] INFO  o.s.boot.web.embedded.tomcat.GracefulShutdown - Commencing graceful shutdown. Waiting for active requests to complete
2025-10-05 11:04:50.775 [tomcat-shutdown] INFO  o.s.boot.web.embedded.tomcat.GracefulShutdown - Graceful shutdown complete
2025-10-05 11:04:54.012 [main] INFO  com.it.MyServerApplication - Starting MyServerApplication using Java 21.0.2 with PID 43820 (D:\ideaproject\AIServer\aiServer\MyServer\target\classes started by hp in D:\ideaproject\AIServer)
2025-10-05 11:04:54.013 [main] INFO  com.it.MyServerApplication - The following 1 profile is active: "dev"
2025-10-05 11:04:54.816 [main] INFO  o.s.boot.web.embedded.tomcat.TomcatWebServer - Tomcat initialized with port 8080 (http)
2025-10-05 11:04:54.824 [main] INFO  org.apache.coyote.http11.Http11NioProtocol - Initializing ProtocolHandler ["http-nio-8080"]
2025-10-05 11:04:54.825 [main] INFO  org.apache.catalina.core.StandardService - Starting service [Tomcat]
2025-10-05 11:04:54.826 [main] INFO  org.apache.catalina.core.StandardEngine - Starting Servlet engine: [Apache Tomcat/10.1.44]
2025-10-05 11:04:54.867 [main] INFO  o.a.c.core.ContainerBase.[Tomcat].[localhost].[/] - Initializing Spring embedded WebApplicationContext
2025-10-05 11:04:54.868 [main] INFO  o.s.b.w.s.c.ServletWebServerApplicationContext - Root WebApplicationContext: initialization completed in 821 ms
2025-10-05 11:04:55.392 [main] INFO  org.apache.coyote.http11.Http11NioProtocol - Starting ProtocolHandler ["http-nio-8080"]
2025-10-05 11:04:55.408 [main] INFO  o.s.boot.web.embedded.tomcat.TomcatWebServer - Tomcat started on port 8080 (http) with context path '/'
2025-10-05 11:04:55.412 [main] INFO  com.it.MyServerApplication - Started MyServerApplication in 1.739 seconds (process running for 2.492)
2025-10-05 11:05:02.625 [http-nio-8080-exec-2] INFO  o.a.c.core.ContainerBase.[Tomcat].[localhost].[/] - Initializing Spring DispatcherServlet 'dispatcherServlet'
2025-10-05 11:05:02.625 [http-nio-8080-exec-2] INFO  org.springframework.web.servlet.DispatcherServlet - Initializing Servlet 'dispatcherServlet'
2025-10-05 11:05:02.626 [http-nio-8080-exec-2] INFO  org.springframework.web.servlet.DispatcherServlet - Completed initialization in 1 ms
2025-10-05 11:05:02.763 [http-nio-8080-exec-2] INFO  com.zaxxer.hikari.HikariDataSource - HikariPool-1 - Starting...
2025-10-05 11:05:03.092 [http-nio-8080-exec-2] INFO  com.zaxxer.hikari.pool.HikariPool - HikariPool-1 - Added connection com.mysql.cj.jdbc.ConnectionImpl@345df1a
2025-10-05 11:05:03.093 [http-nio-8080-exec-2] INFO  com.zaxxer.hikari.HikariDataSource - HikariPool-1 - Start completed.
2025-10-05 11:07:34.420 [SpringApplicationShutdownHook] INFO  o.s.boot.web.embedded.tomcat.GracefulShutdown - Commencing graceful shutdown. Waiting for active requests to complete
2025-10-05 11:07:34.432 [tomcat-shutdown] INFO  o.s.boot.web.embedded.tomcat.GracefulShutdown - Graceful shutdown complete
2025-10-05 11:07:34.437 [SpringApplicationShutdownHook] INFO  com.zaxxer.hikari.HikariDataSource - HikariPool-1 - Shutdown initiated...
2025-10-05 11:07:34.447 [SpringApplicationShutdownHook] INFO  com.zaxxer.hikari.HikariDataSource - HikariPool-1 - Shutdown completed.
